Assembler report for spw_light
Wed Mar 28 10:38:49 2018
Quartus Prime Version 17.1.1 Internal Build 593 12/11/2017 SJ Lite Edition


---------------------
; Table of Contents ;
---------------------
  1. Legal Notice
  2. Assembler Summary
  3. Assembler Settings
  4. Assembler Generated Files
  5. Assembler Device Options: spw_light.sof
  6. Assembler Messages



----------------
; Legal Notice ;
----------------
Copyright (C) 2017  Intel Corporation. All rights reserved.
Your use of Intel Corporation's design tools, logic functions 
and other software and tools, and its AMPP partner logic 
functions, and any output files from any of the foregoing 
(including device programming or simulation files), and any 
associated documentation or information are expressly subject 
to the terms and conditions of the Intel Program License 
Subscription Agreement, the Intel Quartus Prime License Agreement,
the Intel FPGA IP License Agreement, or other applicable license
agreement, including, without limitation, that your use is for
the sole purpose of programming logic devices manufactured by
Intel and sold by Intel or its authorized distributors.  Please
refer to the applicable agreement for further details.



+---------------------------------------------------------------+
; Assembler Summary                                             ;
+-----------------------+---------------------------------------+
; Assembler Status      ; Successful - Wed Mar 28 10:38:49 2018 ;
; Revision Name         ; spw_light                             ;
; Top-level Entity Name ; SPW_LIGHT_T                           ;
; Family                ; Cyclone V                             ;
; Device                ; 5CSEMA4U23C6                          ;
+-----------------------+---------------------------------------+


+----------------------------------+
; Assembler Settings               ;
+--------+---------+---------------+
; Option ; Setting ; Default Value ;
+--------+---------+---------------+


+--------------------------------------------------------------------------------------------------------------------------------------+
; Assembler Generated Files                                                                                                            ;
+--------------------------------------------------------------------------------------------------------------------------------------+
; File Name                                                                                                                            ;
+--------------------------------------------------------------------------------------------------------------------------------------+
; /run/media/felipe/FFCOSTA/Projetos/verilog_projects/GITHUBPROJECTS/SPACEWIRESYSTEMC/altera_work/spw_light/output_files/spw_light.sof ;
+--------------------------------------------------------------------------------------------------------------------------------------+


+-----------------------------------------+
; Assembler Device Options: spw_light.sof ;
+----------------+------------------------+
; Option         ; Setting                ;
+----------------+------------------------+
; JTAG usercode  ; 0x00C49CF0             ;
; Checksum       ; 0x00C49CF0             ;
+----------------+------------------------+


+--------------------+
; Assembler Messages ;
+--------------------+
Info: *******************************************************************
Info: Running Quartus Prime Assembler
    Info: Version 17.1.1 Internal Build 593 12/11/2017 SJ Lite Edition
    Info: Processing started: Wed Mar 28 10:38:38 2018
Info: Command: quartus_asm --read_settings_files=off --write_settings_files=off spw_light -c spw_light
Warning (18236): Number of processors has not been specified which may cause overloading on shared machines.  Set the global assignment NUM_PARALLEL_PROCESSORS in your QSF to an appropriate value for best performance.
Info (115030): Assembler is generating device programming files
Info (11878): Hard Processor Subsystem configuration has not changed and a Preloader software update is not required
Info: Quartus Prime Assembler was successful. 0 errors, 1 warning
    Info: Peak virtual memory: 1029 megabytes
    Info: Processing ended: Wed Mar 28 10:38:49 2018
    Info: Elapsed time: 00:00:11
    Info: Total CPU time (on all processors): 00:00:11


