Flow report for spw_light
Wed Mar 28 10:39:26 2018
Quartus Prime Version 17.1.1 Internal Build 593 12/11/2017 SJ Lite Edition


---------------------
; Table of Contents ;
---------------------
  1. Legal Notice
  2. Flow Summary
  3. Flow Settings
  4. Flow Non-Default Global Settings
  5. Flow Elapsed Time
  6. Flow OS Summary
  7. Flow Log
  8. Flow Messages
  9. Flow Suppressed Messages



----------------
; Legal Notice ;
----------------
Copyright (C) 2017  Intel Corporation. All rights reserved.
Your use of Intel Corporation's design tools, logic functions 
and other software and tools, and its AMPP partner logic 
functions, and any output files from any of the foregoing 
(including device programming or simulation files), and any 
associated documentation or information are expressly subject 
to the terms and conditions of the Intel Program License 
Subscription Agreement, the Intel Quartus Prime License Agreement,
the Intel FPGA IP License Agreement, or other applicable license
agreement, including, without limitation, that your use is for
the sole purpose of programming logic devices manufactured by
Intel and sold by Intel or its authorized distributors.  Please
refer to the applicable agreement for further details.



+----------------------------------------------------------------------------------------+
; Flow Summary                                                                           ;
+---------------------------------+------------------------------------------------------+
; Flow Status                     ; Successful - Wed Mar 28 10:39:26 2018                ;
; Quartus Prime Version           ; 17.1.1 Internal Build 593 12/11/2017 SJ Lite Edition ;
; Revision Name                   ; spw_light                                            ;
; Top-level Entity Name           ; SPW_LIGHT_T                                          ;
; Family                          ; Cyclone V                                            ;
; Device                          ; 5CSEMA4U23C6                                         ;
; Timing Models                   ; Final                                                ;
; Logic utilization (in ALMs)     ; 3,039 / 15,880 ( 19 % )                              ;
; Total registers                 ; 3912                                                 ;
; Total pins                      ; 19 / 314 ( 6 % )                                     ;
; Total virtual pins              ; 0                                                    ;
; Total block memory bits         ; 36,864 / 2,764,800 ( 1 % )                           ;
; Total DSP Blocks                ; 0 / 84 ( 0 % )                                       ;
; Total HSSI RX PCSs              ; 0                                                    ;
; Total HSSI PMA RX Deserializers ; 0                                                    ;
; Total HSSI TX PCSs              ; 0                                                    ;
; Total HSSI PMA TX Serializers   ; 0                                                    ;
; Total PLLs                      ; 1 / 5 ( 20 % )                                       ;
; Total DLLs                      ; 0 / 4 ( 0 % )                                        ;
+---------------------------------+------------------------------------------------------+


+-----------------------------------------+
; Flow Settings                           ;
+-------------------+---------------------+
; Option            ; Setting             ;
+-------------------+---------------------+
; Start date & time ; 03/28/2018 10:30:43 ;
; Main task         ; Compilation         ;
; Revision Name     ; spw_light           ;
+-------------------+---------------------+


+--------------------------------------------------------------------------------------------------------------------------------------------------------------------------------+
; Flow Non-Default Global Settings                                                                                                                                               ;
+-------------------------------------+-------------------------------------------------------------------------+---------------+-------------------------------+----------------+
; Assignment Name                     ; Value                                                                   ; Default Value ; Entity Name                   ; Section Id     ;
+-------------------------------------+-------------------------------------------------------------------------+---------------+-------------------------------+----------------+
; COMPILER_SIGNATURE_ID               ; 31032335263289.152224383913041                                          ; --            ; --                            ; --             ;
; EDA_OUTPUT_DATA_FORMAT              ; Verilog Hdl                                                             ; --            ; --                            ; eda_simulation ;
; EDA_SIMULATION_TOOL                 ; ModelSim-Altera (Verilog)                                               ; <None>        ; --                            ; --             ;
; EDA_TIME_SCALE                      ; 1 ps                                                                    ; --            ; --                            ; eda_simulation ;
; HPS_ISW_FILE                        ; spw_light/synthesis/submodules/sequencer/sdram_io.pre.h                 ; --            ; spw_light_hps_0_hps_io_border ; --             ;
; HPS_ISW_FILE                        ; spw_light/synthesis/submodules/sequencer/alt_types.pre.h                ; --            ; spw_light_hps_0_hps_io_border ; --             ;
; HPS_ISW_FILE                        ; spw_light/synthesis/submodules/sequencer/system.pre.h                   ; --            ; spw_light_hps_0_hps_io_border ; --             ;
; HPS_ISW_FILE                        ; spw_light/synthesis/submodules/sequencer/sequencer.pre.c                ; --            ; spw_light_hps_0_hps_io_border ; --             ;
; HPS_ISW_FILE                        ; spw_light/synthesis/submodules/sequencer/sequencer.pre.h                ; --            ; spw_light_hps_0_hps_io_border ; --             ;
; HPS_ISW_FILE                        ; spw_light/synthesis/submodules/sequencer/tclrpt.pre.c                   ; --            ; spw_light_hps_0_hps_io_border ; --             ;
; HPS_ISW_FILE                        ; spw_light/synthesis/submodules/sequencer/tclrpt.pre.h                   ; --            ; spw_light_hps_0_hps_io_border ; --             ;
; HPS_ISW_FILE                        ; spw_light/synthesis/submodules/sequencer/sequencer_defines.pre.h        ; --            ; spw_light_hps_0_hps_io_border ; --             ;
; HPS_ISW_FILE                        ; spw_light/synthesis/submodules/sequencer/sequencer_auto_ac_init.pre.c   ; --            ; spw_light_hps_0_hps_io_border ; --             ;
; HPS_ISW_FILE                        ; spw_light/synthesis/submodules/sequencer/sequencer_auto_inst_init.pre.c ; --            ; spw_light_hps_0_hps_io_border ; --             ;
; HPS_ISW_FILE                        ; spw_light/synthesis/submodules/sequencer/sequencer_auto.pre.h           ; --            ; spw_light_hps_0_hps_io_border ; --             ;
; HPS_ISW_FILE                        ; spw_light/synthesis/submodules/sequencer/emif.pre.xml                   ; --            ; spw_light_hps_0_hps_io_border ; --             ;
; HPS_ISW_FILE                        ; spw_light/synthesis/submodules/hps.pre.xml                              ; --            ; spw_light_hps_0_hps_io_border ; --             ;
; HPS_PARTITION                       ; On                                                                      ; --            ; spw_light_hps_0_hps_io_border ; --             ;
; MAX_CORE_JUNCTION_TEMP              ; 85                                                                      ; --            ; --                            ; --             ;
; MIN_CORE_JUNCTION_TEMP              ; 0                                                                       ; --            ; --                            ; --             ;
; MISC_FILE                           ; spw_light/synthesis/../spw_light.cmp                                    ; --            ; --                            ; --             ;
; MISC_FILE                           ; spw_light/synthesis/spw_light_hps_0_hps.svd                             ; --            ; --                            ; --             ;
; MISC_FILE                           ; spw_light/synthesis/../../spw_light.qsys                                ; --            ; --                            ; --             ;
; MISC_FILE                           ; spw_light/synthesis/submodules/sequencer/sdram_io.pre.h                 ; --            ; --                            ; --             ;
; MISC_FILE                           ; spw_light/synthesis/submodules/sequencer/alt_types.pre.h                ; --            ; --                            ; --             ;
; MISC_FILE                           ; spw_light/synthesis/submodules/sequencer/system.pre.h                   ; --            ; --                            ; --             ;
; MISC_FILE                           ; spw_light/synthesis/submodules/sequencer/sequencer.pre.c                ; --            ; --                            ; --             ;
; MISC_FILE                           ; spw_light/synthesis/submodules/sequencer/sequencer.pre.h                ; --            ; --                            ; --             ;
; MISC_FILE                           ; spw_light/synthesis/submodules/sequencer/tclrpt.pre.c                   ; --            ; --                            ; --             ;
; MISC_FILE                           ; spw_light/synthesis/submodules/sequencer/tclrpt.pre.h                   ; --            ; --                            ; --             ;
; MISC_FILE                           ; spw_light/synthesis/submodules/sequencer/sequencer_defines.pre.h        ; --            ; --                            ; --             ;
; MISC_FILE                           ; spw_light/synthesis/submodules/sequencer/sequencer_auto_ac_init.pre.c   ; --            ; --                            ; --             ;
; MISC_FILE                           ; spw_light/synthesis/submodules/sequencer/sequencer_auto_inst_init.pre.c ; --            ; --                            ; --             ;
; MISC_FILE                           ; spw_light/synthesis/submodules/sequencer/sequencer_auto.pre.h           ; --            ; --                            ; --             ;
; MISC_FILE                           ; spw_light/synthesis/submodules/sequencer/emif.pre.xml                   ; --            ; --                            ; --             ;
; MISC_FILE                           ; spw_light/synthesis/submodules/hps.pre.xml                              ; --            ; --                            ; --             ;
; PARTITION_COLOR                     ; -- (Not supported for targeted family)                                  ; --            ; SPW_LIGHT_T                   ; Top            ;
; PARTITION_FITTER_PRESERVATION_LEVEL ; -- (Not supported for targeted family)                                  ; --            ; SPW_LIGHT_T                   ; Top            ;
; PARTITION_NETLIST_TYPE              ; -- (Not supported for targeted family)                                  ; --            ; SPW_LIGHT_T                   ; Top            ;
; POWER_BOARD_THERMAL_MODEL           ; None (CONSERVATIVE)                                                     ; --            ; --                            ; --             ;
; POWER_PRESET_COOLING_SOLUTION       ; 23 MM HEAT SINK WITH 200 LFPM AIRFLOW                                   ; --            ; --                            ; --             ;
; PROJECT_OUTPUT_DIRECTORY            ; output_files                                                            ; --            ; --                            ; --             ;
; SLD_FILE                            ; spw_light/synthesis/spw_light.regmap                                    ; --            ; --                            ; --             ;
; SLD_FILE                            ; spw_light/synthesis/spw_light.debuginfo                                 ; --            ; --                            ; --             ;
; SLD_INFO                            ; QSYS_NAME spw_light HAS_SOPCINFO 1 GENERATION_ID 1522209305             ; --            ; --                            ; --             ;
; SOPCINFO_FILE                       ; spw_light/synthesis/../../spw_light.sopcinfo                            ; --            ; --                            ; --             ;
; SYNTHESIS_ONLY_QIP                  ; On                                                                      ; --            ; --                            ; --             ;
; TOP_LEVEL_ENTITY                    ; SPW_LIGHT_T                                                             ; spw_light     ; --                            ; --             ;
+-------------------------------------+-------------------------------------------------------------------------+---------------+-------------------------------+----------------+


+-------------------------------------------------------------------------------------------------------------------------------+
; Flow Elapsed Time                                                                                                             ;
+---------------------------+--------------+-------------------------+---------------------+------------------------------------+
; Module Name               ; Elapsed Time ; Average Processors Used ; Peak Virtual Memory ; Total CPU Time (on all processors) ;
+---------------------------+--------------+-------------------------+---------------------+------------------------------------+
; Analysis & Synthesis      ; 00:01:10     ; 1.3                     ; 1395 MB             ; 00:01:51                           ;
; Fitter                    ; 00:02:50     ; 1.1                     ; 2161 MB             ; 00:05:41                           ;
; Assembler                 ; 00:00:11     ; 1.0                     ; 1029 MB             ; 00:00:11                           ;
; TimeQuest Timing Analyzer ; 00:00:28     ; 1.5                     ; 1341 MB             ; 00:00:39                           ;
; EDA Netlist Writer        ; 00:00:07     ; 1.0                     ; 1309 MB             ; 00:00:07                           ;
; Total                     ; 00:04:46     ; --                      ; --                  ; 00:08:29                           ;
+---------------------------+--------------+-------------------------+---------------------+------------------------------------+


+-----------------------------------------------------------------------------------------+
; Flow OS Summary                                                                         ;
+---------------------------+------------------+------------+------------+----------------+
; Module Name               ; Machine Hostname ; OS Name    ; OS Version ; Processor type ;
+---------------------------+------------------+------------+------------+----------------+
; Analysis & Synthesis      ; linux-hjij.suse  ; SUSE LINUX ; 42         ; x86_64         ;
; Fitter                    ; linux-hjij.suse  ; SUSE LINUX ; 42         ; x86_64         ;
; Assembler                 ; linux-hjij.suse  ; SUSE LINUX ; 42         ; x86_64         ;
; TimeQuest Timing Analyzer ; linux-hjij.suse  ; SUSE LINUX ; 42         ; x86_64         ;
; EDA Netlist Writer        ; linux-hjij.suse  ; SUSE LINUX ; 42         ; x86_64         ;
+---------------------------+------------------+------------+------------+----------------+


------------
; Flow Log ;
------------
quartus_map --read_settings_files=on --write_settings_files=off spw_light -c spw_light
quartus_fit --read_settings_files=off --write_settings_files=off spw_light -c spw_light
quartus_asm --read_settings_files=off --write_settings_files=off spw_light -c spw_light
quartus_sta spw_light -c spw_light
quartus_eda --read_settings_files=off --write_settings_files=off spw_light -c spw_light



