EDA Netlist Writer report for spw_fifo_ulight
Tue Jan 23 17:47:13 2018
Quartus Prime Version 17.1.1 Internal Build 593 12/11/2017 SJ Lite Edition


---------------------
; Table of Contents ;
---------------------
  1. Legal Notice
  2. EDA Netlist Writer Summary
  3. Board-Level Settings
  4. Board-Level Generated Files
  5. EDA Netlist Writer Messages



----------------
; Legal Notice ;
----------------
Copyright (C) 2017  Intel Corporation. All rights reserved.
Your use of Intel Corporation's design tools, logic functions 
and other software and tools, and its AMPP partner logic 
functions, and any output files from any of the foregoing 
(including device programming or simulation files), and any 
associated documentation or information are expressly subject 
to the terms and conditions of the Intel Program License 
Subscription Agreement, the Intel Quartus Prime License Agreement,
the Intel FPGA IP License Agreement, or other applicable license
agreement, including, without limitation, that your use is for
the sole purpose of programming logic devices manufactured by
Intel and sold by Intel or its authorized distributors.  Please
refer to the applicable agreement for further details.



+-------------------------------------------------------------------------------+
; EDA Netlist Writer Summary                                                    ;
+---------------------------------------+---------------------------------------+
; EDA Netlist Writer Status             ; Successful - Tue Jan 23 17:47:13 2018 ;
; Revision Name                         ; spw_fifo_ulight                       ;
; Top-level Entity Name                 ; SPW_ULIGHT_FIFO                       ;
; Family                                ; Cyclone V                             ;
; Board Signal Integrity Files Creation ; Successful                            ;
; Board Timing Analysis Files Creation  ; Successful                            ;
+---------------------------------------+---------------------------------------+


+-----------------------------------------+
; Board-Level Settings                    ;
+-------------------------------+---------+
; Option                        ; Setting ;
+-------------------------------+---------+
; Board Signal Integrity Format ; HSPICE  ;
; Board Timing Analysis Format  ; STAMP   ;
+-------------------------------+---------+


+-----------------------------------------------------------------------------------------------------------------------------------------------------------------------------------------------------------------------------------------------------------------------------------------+
; Board-Level Generated Files                                                                                                                                                                                                                                                             ;
+-----------------------------------------------------------------------------------------------------------------------------------------------------------------------------------------------------------------------------------------------------------------------------------------+
; Generated Files                                                                                                                                                                                                                                                                         ;
+-----------------------------------------------------------------------------------------------------------------------------------------------------------------------------------------------------------------------------------------------------------------------------------------+
; Board Signal Integrity                                                                                                                                                                                                                                                                  ;
;     /home/felipe/Documentos/verilog_projects/GITHUBPROJECTS/SPACEWIRESYSTEMC/altera_work/spw_fifo_ulight/board/hspice/5csema4_ag28_dout_a_out.sp                                                                                                                                        ;
;     /home/felipe/Documentos/verilog_projects/GITHUBPROJECTS/SPACEWIRESYSTEMC/altera_work/spw_fifo_ulight/board/hspice/5csema4_af20_sout_a_out.sp                                                                                                                                        ;
;     /home/felipe/Documentos/verilog_projects/GITHUBPROJECTS/SPACEWIRESYSTEMC/altera_work/spw_fifo_ulight/board/hspice/5csema4_ae26_led_5__out.sp                                                                                                                                        ;
;     /home/felipe/Documentos/verilog_projects/GITHUBPROJECTS/SPACEWIRESYSTEMC/altera_work/spw_fifo_ulight/board/hspice/5csema4_aa23_led_7__out.sp                                                                                                                                        ;
;     /home/felipe/Documentos/verilog_projects/GITHUBPROJECTS/SPACEWIRESYSTEMC/altera_work/spw_fifo_ulight/board/hspice/5csema4_w15_led_0__out.sp                                                                                                                                         ;
;     /home/felipe/Documentos/verilog_projects/GITHUBPROJECTS/SPACEWIRESYSTEMC/altera_work/spw_fifo_ulight/board/hspice/5csema4_aa24_led_1__out.sp                                                                                                                                        ;
;     /home/felipe/Documentos/verilog_projects/GITHUBPROJECTS/SPACEWIRESYSTEMC/altera_work/spw_fifo_ulight/board/hspice/5csema4_v16_led_2__out.sp                                                                                                                                         ;
;     /home/felipe/Documentos/verilog_projects/GITHUBPROJECTS/SPACEWIRESYSTEMC/altera_work/spw_fifo_ulight/board/hspice/5csema4_v15_led_3__out.sp                                                                                                                                         ;
;     /home/felipe/Documentos/verilog_projects/GITHUBPROJECTS/SPACEWIRESYSTEMC/altera_work/spw_fifo_ulight/board/hspice/5csema4_af26_led_4__out.sp                                                                                                                                        ;
;     /home/felipe/Documentos/verilog_projects/GITHUBPROJECTS/SPACEWIRESYSTEMC/altera_work/spw_fifo_ulight/board/hspice/5csema4_ah17_key_0__in.sp                                                                                                                                         ;
;     /home/felipe/Documentos/verilog_projects/GITHUBPROJECTS/SPACEWIRESYSTEMC/altera_work/spw_fifo_ulight/board/hspice/5csema4_y16_led_6__out.sp                                                                                                                                         ;
;     /home/felipe/Documentos/verilog_projects/GITHUBPROJECTS/SPACEWIRESYSTEMC/altera_work/spw_fifo_ulight/board/hspice/5csema4_y13_fpga_clk1_50_in.sp                                                                                                                                    ;
;     /home/felipe/Documentos/verilog_projects/GITHUBPROJECTS/SPACEWIRESYSTEMC/altera_work/spw_fifo_ulight/board/hspice/5csema4_ah16_key_1__in.sp                                                                                                                                         ;
;     /home/felipe/Documentos/verilog_projects/GITHUBPROJECTS/SPACEWIRESYSTEMC/altera_work/spw_fifo_ulight/board/hspice/5csema4_y15_din_a_in.sp                                                                                                                                           ;
;     /home/felipe/Documentos/verilog_projects/GITHUBPROJECTS/SPACEWIRESYSTEMC/altera_work/spw_fifo_ulight/board/hspice/5csema4_ae20_sin_a_in.sp                                                                                                                                          ;
;     /home/felipe/Documentos/verilog_projects/GITHUBPROJECTS/SPACEWIRESYSTEMC/altera_work/spw_fifo_ulight/board/hspice/lib/io_octrt_calibrated.lib                                                                                                                                       ;
;     /home/felipe/Documentos/verilog_projects/GITHUBPROJECTS/SPACEWIRESYSTEMC/altera_work/spw_fifo_ulight/board/hspice/lib/output_delay_control.lib                                                                                                                                      ;
;     /home/felipe/Documentos/verilog_projects/GITHUBPROJECTS/SPACEWIRESYSTEMC/altera_work/spw_fifo_ulight/board/hspice/lib/lvds_vod_select.lib                                                                                                                                           ;
;     /home/felipe/Documentos/verilog_projects/GITHUBPROJECTS/SPACEWIRESYSTEMC/altera_work/spw_fifo_ulight/board/hspice/lib/lvds_preemphasis_select.lib                                                                                                                                   ;
;     /home/felipe/Documentos/verilog_projects/GITHUBPROJECTS/SPACEWIRESYSTEMC/altera_work/spw_fifo_ulight/board/hspice/lib/slew_rate_control.lib                                                                                                                                         ;
;     /home/felipe/Documentos/verilog_projects/GITHUBPROJECTS/SPACEWIRESYSTEMC/altera_work/spw_fifo_ulight/board/hspice/lib/drive_select_io.lib                                                                                                                                           ;
;     /home/felipe/Documentos/verilog_projects/GITHUBPROJECTS/SPACEWIRESYSTEMC/altera_work/spw_fifo_ulight/board/hspice/lib/cv_ss.inc                                                                                                                                                     ;
;     /home/felipe/Documentos/verilog_projects/GITHUBPROJECTS/SPACEWIRESYSTEMC/altera_work/spw_fifo_ulight/board/hspice/cir/lvds_input_load.inc                                                                                                                                           ;
;     /home/felipe/Documentos/verilog_projects/GITHUBPROJECTS/SPACEWIRESYSTEMC/altera_work/spw_fifo_ulight/board/hspice/lib/cv_tt.inc                                                                                                                                                     ;
;     /home/felipe/Documentos/verilog_projects/GITHUBPROJECTS/SPACEWIRESYSTEMC/altera_work/spw_fifo_ulight/board/hspice/cir/io_buffer_octrt.inc                                                                                                                                           ;
;     /home/felipe/Documentos/verilog_projects/GITHUBPROJECTS/SPACEWIRESYSTEMC/altera_work/spw_fifo_ulight/board/hspice/cir/lvds_oct_load.inc                                                                                                                                             ;
;     /home/felipe/Documentos/verilog_projects/GITHUBPROJECTS/SPACEWIRESYSTEMC/altera_work/spw_fifo_ulight/board/hspice/cir/lvds_oct_rd.inc                                                                                                                                               ;
;     /home/felipe/Documentos/verilog_projects/GITHUBPROJECTS/SPACEWIRESYSTEMC/altera_work/spw_fifo_ulight/board/hspice/lib/io_octrs_calibrated.lib                                                                                                                                       ;
;     /home/felipe/Documentos/verilog_projects/GITHUBPROJECTS/SPACEWIRESYSTEMC/altera_work/spw_fifo_ulight/board/hspice/cir/lvds_output.inc                                                                                                                                               ;
;     /home/felipe/Documentos/verilog_projects/GITHUBPROJECTS/SPACEWIRESYSTEMC/altera_work/spw_fifo_ulight/board/hspice/lib/io_load.lib                                                                                                                                                   ;
;     /home/felipe/Documentos/verilog_projects/GITHUBPROJECTS/SPACEWIRESYSTEMC/altera_work/spw_fifo_ulight/board/hspice/cir/lvds_output_load.inc                                                                                                                                          ;
;     /home/felipe/Documentos/verilog_projects/GITHUBPROJECTS/SPACEWIRESYSTEMC/altera_work/spw_fifo_ulight/board/hspice/cir/io_buffer.inc                                                                                                                                                 ;
;     /home/felipe/Documentos/verilog_projects/GITHUBPROJECTS/SPACEWIRESYSTEMC/altera_work/spw_fifo_ulight/board/hspice/lib/package.lib                                                                                                                                                   ;
;     /home/felipe/Documentos/verilog_projects/GITHUBPROJECTS/SPACEWIRESYSTEMC/altera_work/spw_fifo_ulight/board/hspice/cir/io_buffer_load.inc                                                                                                                                            ;
;     /home/felipe/Documentos/verilog_projects/GITHUBPROJECTS/SPACEWIRESYSTEMC/altera_work/spw_fifo_ulight/board/hspice/cir/io_buffer_octrs.inc                                                                                                                                           ;
;     /home/felipe/Documentos/verilog_projects/GITHUBPROJECTS/SPACEWIRESYSTEMC/altera_work/spw_fifo_ulight/board/hspice/lib/cv_ff.inc                                                                                                                                                     ;
; Board Timing Analysis                                                                                                                                                                                                                                                                   ;
;     /home/felipe/Documentos/verilog_projects/GITHUBPROJECTS/SPACEWIRESYSTEMC/altera_work/spw_fifo_ulight/timing/stamp//home/felipe/Documentos/verilog_projects/GITHUBPROJECTS/SPACEWIRESYSTEMC/altera_work/spw_fifo_ulight/timing/stamp//spw_fifo_ulight_6_1100mv_85c_board_slow.mod    ;
;     /home/felipe/Documentos/verilog_projects/GITHUBPROJECTS/SPACEWIRESYSTEMC/altera_work/spw_fifo_ulight/timing/stamp//home/felipe/Documentos/verilog_projects/GITHUBPROJECTS/SPACEWIRESYSTEMC/altera_work/spw_fifo_ulight/timing/stamp//spw_fifo_ulight_6_1100mv_85c_board_slow.data   ;
;     /home/felipe/Documentos/verilog_projects/GITHUBPROJECTS/SPACEWIRESYSTEMC/altera_work/spw_fifo_ulight/timing/stamp//home/felipe/Documentos/verilog_projects/GITHUBPROJECTS/SPACEWIRESYSTEMC/altera_work/spw_fifo_ulight/timing/stamp//spw_fifo_ulight_6_1100mv_0c_board_slow.mod     ;
;     /home/felipe/Documentos/verilog_projects/GITHUBPROJECTS/SPACEWIRESYSTEMC/altera_work/spw_fifo_ulight/timing/stamp//home/felipe/Documentos/verilog_projects/GITHUBPROJECTS/SPACEWIRESYSTEMC/altera_work/spw_fifo_ulight/timing/stamp//spw_fifo_ulight_6_1100mv_0c_board_slow.data    ;
;     /home/felipe/Documentos/verilog_projects/GITHUBPROJECTS/SPACEWIRESYSTEMC/altera_work/spw_fifo_ulight/timing/stamp//home/felipe/Documentos/verilog_projects/GITHUBPROJECTS/SPACEWIRESYSTEMC/altera_work/spw_fifo_ulight/timing/stamp//spw_fifo_ulight_min_1100mv_0c_board_fast.mod   ;
;     /home/felipe/Documentos/verilog_projects/GITHUBPROJECTS/SPACEWIRESYSTEMC/altera_work/spw_fifo_ulight/timing/stamp//home/felipe/Documentos/verilog_projects/GITHUBPROJECTS/SPACEWIRESYSTEMC/altera_work/spw_fifo_ulight/timing/stamp//spw_fifo_ulight_min_1100mv_0c_board_fast.data  ;
;     /home/felipe/Documentos/verilog_projects/GITHUBPROJECTS/SPACEWIRESYSTEMC/altera_work/spw_fifo_ulight/timing/stamp//home/felipe/Documentos/verilog_projects/GITHUBPROJECTS/SPACEWIRESYSTEMC/altera_work/spw_fifo_ulight/timing/stamp//spw_fifo_ulight_min_1100mv_85c_board_fast.mod  ;
;     /home/felipe/Documentos/verilog_projects/GITHUBPROJECTS/SPACEWIRESYSTEMC/altera_work/spw_fifo_ulight/timing/stamp//home/felipe/Documentos/verilog_projects/GITHUBPROJECTS/SPACEWIRESYSTEMC/altera_work/spw_fifo_ulight/timing/stamp//spw_fifo_ulight_min_1100mv_85c_board_fast.data ;
;     /home/felipe/Documentos/verilog_projects/GITHUBPROJECTS/SPACEWIRESYSTEMC/altera_work/spw_fifo_ulight/timing/stamp//home/felipe/Documentos/verilog_projects/GITHUBPROJECTS/SPACEWIRESYSTEMC/altera_work/spw_fifo_ulight/timing/stamp//spw_fifo_ulight_board.mod                      ;
;     /home/felipe/Documentos/verilog_projects/GITHUBPROJECTS/SPACEWIRESYSTEMC/altera_work/spw_fifo_ulight/timing/stamp//home/felipe/Documentos/verilog_projects/GITHUBPROJECTS/SPACEWIRESYSTEMC/altera_work/spw_fifo_ulight/timing/stamp//spw_fifo_ulight_board.data                     ;
+-----------------------------------------------------------------------------------------------------------------------------------------------------------------------------------------------------------------------------------------------------------------------------------------+


+-----------------------------+
; EDA Netlist Writer Messages ;
+-----------------------------+
Info: *******************************************************************
Info: Running Quartus Prime EDA Netlist Writer
    Info: Version 17.1.1 Internal Build 593 12/11/2017 SJ Lite Edition
    Info: Processing started: Tue Jan 23 17:47:07 2018
Info: Command: quartus_eda --read_settings_files=off --write_settings_files=off spw_fifo_ulight -c spw_fifo_ulight
Warning (18236): Number of processors has not been specified which may cause overloading on shared machines.  Set the global assignment NUM_PARALLEL_PROCESSORS in your QSF to an appropriate value for best performance.
Info (199047): Generated files "/home/felipe/Documentos/verilog_projects/GITHUBPROJECTS/SPACEWIRESYSTEMC/altera_work/spw_fifo_ulight/timing/stamp//spw_fifo_ulight_6_1100mv_85c_board_slow.mod" and "/home/felipe/Documentos/verilog_projects/GITHUBPROJECTS/SPACEWIRESYSTEMC/altera_work/spw_fifo_ulight/timing/stamp//spw_fifo_ulight_6_1100mv_85c_board_slow.data"
Info (199047): Generated files "/home/felipe/Documentos/verilog_projects/GITHUBPROJECTS/SPACEWIRESYSTEMC/altera_work/spw_fifo_ulight/timing/stamp//spw_fifo_ulight_6_1100mv_0c_board_slow.mod" and "/home/felipe/Documentos/verilog_projects/GITHUBPROJECTS/SPACEWIRESYSTEMC/altera_work/spw_fifo_ulight/timing/stamp//spw_fifo_ulight_6_1100mv_0c_board_slow.data"
Info (199047): Generated files "/home/felipe/Documentos/verilog_projects/GITHUBPROJECTS/SPACEWIRESYSTEMC/altera_work/spw_fifo_ulight/timing/stamp//spw_fifo_ulight_min_1100mv_0c_board_fast.mod" and "/home/felipe/Documentos/verilog_projects/GITHUBPROJECTS/SPACEWIRESYSTEMC/altera_work/spw_fifo_ulight/timing/stamp//spw_fifo_ulight_min_1100mv_0c_board_fast.data"
Info (199047): Generated files "/home/felipe/Documentos/verilog_projects/GITHUBPROJECTS/SPACEWIRESYSTEMC/altera_work/spw_fifo_ulight/timing/stamp//spw_fifo_ulight_min_1100mv_85c_board_fast.mod" and "/home/felipe/Documentos/verilog_projects/GITHUBPROJECTS/SPACEWIRESYSTEMC/altera_work/spw_fifo_ulight/timing/stamp//spw_fifo_ulight_min_1100mv_85c_board_fast.data"
Info (199047): Generated files "/home/felipe/Documentos/verilog_projects/GITHUBPROJECTS/SPACEWIRESYSTEMC/altera_work/spw_fifo_ulight/timing/stamp//spw_fifo_ulight_board.mod" and "/home/felipe/Documentos/verilog_projects/GITHUBPROJECTS/SPACEWIRESYSTEMC/altera_work/spw_fifo_ulight/timing/stamp//spw_fifo_ulight_board.data"
Info (199053): Generated 36 HSPICE Output files for board level analysis
    Info (199051): Generated HSPICE Output File /home/felipe/Documentos/verilog_projects/GITHUBPROJECTS/SPACEWIRESYSTEMC/altera_work/spw_fifo_ulight/board/hspice/5csema4_ag28_dout_a_out.sp for board level analysis
    Info (199051): Generated HSPICE Output File /home/felipe/Documentos/verilog_projects/GITHUBPROJECTS/SPACEWIRESYSTEMC/altera_work/spw_fifo_ulight/board/hspice/5csema4_af20_sout_a_out.sp for board level analysis
    Info (199051): Generated HSPICE Output File /home/felipe/Documentos/verilog_projects/GITHUBPROJECTS/SPACEWIRESYSTEMC/altera_work/spw_fifo_ulight/board/hspice/5csema4_ae26_led_5__out.sp for board level analysis
    Info (199051): Generated HSPICE Output File /home/felipe/Documentos/verilog_projects/GITHUBPROJECTS/SPACEWIRESYSTEMC/altera_work/spw_fifo_ulight/board/hspice/5csema4_aa23_led_7__out.sp for board level analysis
    Info (199051): Generated HSPICE Output File /home/felipe/Documentos/verilog_projects/GITHUBPROJECTS/SPACEWIRESYSTEMC/altera_work/spw_fifo_ulight/board/hspice/5csema4_w15_led_0__out.sp for board level analysis
    Info (199051): Generated HSPICE Output File /home/felipe/Documentos/verilog_projects/GITHUBPROJECTS/SPACEWIRESYSTEMC/altera_work/spw_fifo_ulight/board/hspice/5csema4_aa24_led_1__out.sp for board level analysis
    Info (199051): Generated HSPICE Output File /home/felipe/Documentos/verilog_projects/GITHUBPROJECTS/SPACEWIRESYSTEMC/altera_work/spw_fifo_ulight/board/hspice/5csema4_v16_led_2__out.sp for board level analysis
    Info (199051): Generated HSPICE Output File /home/felipe/Documentos/verilog_projects/GITHUBPROJECTS/SPACEWIRESYSTEMC/altera_work/spw_fifo_ulight/board/hspice/5csema4_v15_led_3__out.sp for board level analysis
    Info (199051): Generated HSPICE Output File /home/felipe/Documentos/verilog_projects/GITHUBPROJECTS/SPACEWIRESYSTEMC/altera_work/spw_fifo_ulight/board/hspice/5csema4_af26_led_4__out.sp for board level analysis
    Info (199051): Generated HSPICE Output File /home/felipe/Documentos/verilog_projects/GITHUBPROJECTS/SPACEWIRESYSTEMC/altera_work/spw_fifo_ulight/board/hspice/5csema4_ah17_key_0__in.sp for board level analysis
    Info (199051): Generated HSPICE Output File /home/felipe/Documentos/verilog_projects/GITHUBPROJECTS/SPACEWIRESYSTEMC/altera_work/spw_fifo_ulight/board/hspice/5csema4_y16_led_6__out.sp for board level analysis
    Info (199051): Generated HSPICE Output File /home/felipe/Documentos/verilog_projects/GITHUBPROJECTS/SPACEWIRESYSTEMC/altera_work/spw_fifo_ulight/board/hspice/5csema4_y13_fpga_clk1_50_in.sp for board level analysis
    Info (199051): Generated HSPICE Output File /home/felipe/Documentos/verilog_projects/GITHUBPROJECTS/SPACEWIRESYSTEMC/altera_work/spw_fifo_ulight/board/hspice/5csema4_ah16_key_1__in.sp for board level analysis
    Info (199051): Generated HSPICE Output File /home/felipe/Documentos/verilog_projects/GITHUBPROJECTS/SPACEWIRESYSTEMC/altera_work/spw_fifo_ulight/board/hspice/5csema4_y15_din_a_in.sp for board level analysis
    Info (199051): Generated HSPICE Output File /home/felipe/Documentos/verilog_projects/GITHUBPROJECTS/SPACEWIRESYSTEMC/altera_work/spw_fifo_ulight/board/hspice/5csema4_ae20_sin_a_in.sp for board level analysis
    Info (199051): Generated HSPICE Output File /home/felipe/Documentos/verilog_projects/GITHUBPROJECTS/SPACEWIRESYSTEMC/altera_work/spw_fifo_ulight/board/hspice/lib/io_octrt_calibrated.lib for board level analysis
    Info (199051): Generated HSPICE Output File /home/felipe/Documentos/verilog_projects/GITHUBPROJECTS/SPACEWIRESYSTEMC/altera_work/spw_fifo_ulight/board/hspice/lib/output_delay_control.lib for board level analysis
    Info (199051): Generated HSPICE Output File /home/felipe/Documentos/verilog_projects/GITHUBPROJECTS/SPACEWIRESYSTEMC/altera_work/spw_fifo_ulight/board/hspice/lib/lvds_vod_select.lib for board level analysis
    Info (199051): Generated HSPICE Output File /home/felipe/Documentos/verilog_projects/GITHUBPROJECTS/SPACEWIRESYSTEMC/altera_work/spw_fifo_ulight/board/hspice/lib/lvds_preemphasis_select.lib for board level analysis
    Info (199051): Generated HSPICE Output File /home/felipe/Documentos/verilog_projects/GITHUBPROJECTS/SPACEWIRESYSTEMC/altera_work/spw_fifo_ulight/board/hspice/lib/slew_rate_control.lib for board level analysis
    Info (199051): Generated HSPICE Output File /home/felipe/Documentos/verilog_projects/GITHUBPROJECTS/SPACEWIRESYSTEMC/altera_work/spw_fifo_ulight/board/hspice/lib/drive_select_io.lib for board level analysis
    Info (199051): Generated HSPICE Output File /home/felipe/Documentos/verilog_projects/GITHUBPROJECTS/SPACEWIRESYSTEMC/altera_work/spw_fifo_ulight/board/hspice/lib/cv_ss.inc for board level analysis
    Info (199051): Generated HSPICE Output File /home/felipe/Documentos/verilog_projects/GITHUBPROJECTS/SPACEWIRESYSTEMC/altera_work/spw_fifo_ulight/board/hspice/cir/lvds_input_load.inc for board level analysis
    Info (199051): Generated HSPICE Output File /home/felipe/Documentos/verilog_projects/GITHUBPROJECTS/SPACEWIRESYSTEMC/altera_work/spw_fifo_ulight/board/hspice/lib/cv_tt.inc for board level analysis
    Info (199051): Generated HSPICE Output File /home/felipe/Documentos/verilog_projects/GITHUBPROJECTS/SPACEWIRESYSTEMC/altera_work/spw_fifo_ulight/board/hspice/cir/io_buffer_octrt.inc for board level analysis
    Info (199051): Generated HSPICE Output File /home/felipe/Documentos/verilog_projects/GITHUBPROJECTS/SPACEWIRESYSTEMC/altera_work/spw_fifo_ulight/board/hspice/cir/lvds_oct_load.inc for board level analysis
    Info (199051): Generated HSPICE Output File /home/felipe/Documentos/verilog_projects/GITHUBPROJECTS/SPACEWIRESYSTEMC/altera_work/spw_fifo_ulight/board/hspice/cir/lvds_oct_rd.inc for board level analysis
    Info (199051): Generated HSPICE Output File /home/felipe/Documentos/verilog_projects/GITHUBPROJECTS/SPACEWIRESYSTEMC/altera_work/spw_fifo_ulight/board/hspice/lib/io_octrs_calibrated.lib for board level analysis
    Info (199051): Generated HSPICE Output File /home/felipe/Documentos/verilog_projects/GITHUBPROJECTS/SPACEWIRESYSTEMC/altera_work/spw_fifo_ulight/board/hspice/cir/lvds_output.inc for board level analysis
    Info (199051): Generated HSPICE Output File /home/felipe/Documentos/verilog_projects/GITHUBPROJECTS/SPACEWIRESYSTEMC/altera_work/spw_fifo_ulight/board/hspice/lib/io_load.lib for board level analysis
    Info (199051): Generated HSPICE Output File /home/felipe/Documentos/verilog_projects/GITHUBPROJECTS/SPACEWIRESYSTEMC/altera_work/spw_fifo_ulight/board/hspice/cir/lvds_output_load.inc for board level analysis
    Info (199051): Generated HSPICE Output File /home/felipe/Documentos/verilog_projects/GITHUBPROJECTS/SPACEWIRESYSTEMC/altera_work/spw_fifo_ulight/board/hspice/cir/io_buffer.inc for board level analysis
    Info (199051): Generated HSPICE Output File /home/felipe/Documentos/verilog_projects/GITHUBPROJECTS/SPACEWIRESYSTEMC/altera_work/spw_fifo_ulight/board/hspice/lib/package.lib for board level analysis
    Info (199051): Generated HSPICE Output File /home/felipe/Documentos/verilog_projects/GITHUBPROJECTS/SPACEWIRESYSTEMC/altera_work/spw_fifo_ulight/board/hspice/cir/io_buffer_load.inc for board level analysis
    Info (199051): Generated HSPICE Output File /home/felipe/Documentos/verilog_projects/GITHUBPROJECTS/SPACEWIRESYSTEMC/altera_work/spw_fifo_ulight/board/hspice/cir/io_buffer_octrs.inc for board level analysis
    Info (199051): Generated HSPICE Output File /home/felipe/Documentos/verilog_projects/GITHUBPROJECTS/SPACEWIRESYSTEMC/altera_work/spw_fifo_ulight/board/hspice/lib/cv_ff.inc for board level analysis
Info: Quartus Prime EDA Netlist Writer was successful. 0 errors, 1 warning
    Info: Peak virtual memory: 1240 megabytes
    Info: Processing ended: Tue Jan 23 17:47:14 2018
    Info: Elapsed time: 00:00:07
    Info: Total CPU time (on all processors): 00:00:06


