Info: Using NativeLink to launch synthesis Tool
Info: Created script file precision_work/precision_compile.tcl -- launching Precision Synthesis synthesis tool
Error: Can't launch the Precision RTL Synthesis software. Specify the path to the location of the executables for the Precision RTL Synthesis software
Error: You can specify the path in the EDA Tool Options page of the Options dialog box or using the Tcl command set_user_option.
Error: Encountered error while running NativeLink synthesis script
Error: NativeLink flow failed to complete synthesis

================The following information is provided to Debug NativeLink Script=================
Nativelink TCL script failed with errorCode:  NONE
Nativelink TCL script failed with errorInfo:  
    while executing
"error ""  """
    invoked from within
"if [ catch {create_precision_script $output_dir} script_file  ] {
	    set savedCode $errorCode
	    set savedInfo $errorInfo
	    nl_postmsg error "E..."
    (procedure "launch_precision" line 35)
    invoked from within
"launch_precision "
PATH Environment Variable is set to :  /home/felipe/intelFPGA_lite/16.1/quartus/adm:/home/felipe/intelFPGA_lite/16.1/quartus/linux64:/home/felipe/.local/bin:/home/felipe/Downloads/PROGRAMAS/systemc-2.3.0/include:/home/felipe/Downloads/PROGRAMAS/systemc-2.3.0/lib-linux64:/home/felipe/Downloads/PROGRAMAS/systemc-2.3.0/include:/home/felipe/Downloads/PROGRAMAS/systemc-2.3.0/lib-linux64:/usr/lib64/mpi/gcc/openmpi/bin:/home/felipe/bin:/usr/local/bin:/usr/bin:/bin:/usr/bin/X11:/usr/games
