Assembler report for spw_ulight_nofifo
Tue May  9 20:57:13 2017
Quartus Prime Version 16.1.2 Build 203 01/18/2017 SJ Lite Edition


---------------------
; Table of Contents ;
---------------------
  1. Legal Notice
  2. Assembler Summary
  3. Assembler Settings
  4. Assembler Generated Files
  5. Assembler Device Options: spw_ulight_nofifo.sof
  6. Assembler Messages



----------------
; Legal Notice ;
----------------
Copyright (C) 2017  Intel Corporation. All rights reserved.
Your use of Intel Corporation's design tools, logic functions 
and other software and tools, and its AMPP partner logic 
functions, and any output files from any of the foregoing 
(including device programming or simulation files), and any 
associated documentation or information are expressly subject 
to the terms and conditions of the Intel Program License 
Subscription Agreement, the Intel Quartus Prime License Agreement,
the Intel MegaCore Function License Agreement, or other 
applicable license agreement, including, without limitation, 
that your use is for the sole purpose of programming logic 
devices manufactured by Intel and sold by Intel or its 
authorized distributors.  Please refer to the applicable 
agreement for further details.



+---------------------------------------------------------------+
; Assembler Summary                                             ;
+-----------------------+---------------------------------------+
; Assembler Status      ; Successful - Tue May  9 20:57:13 2017 ;
; Revision Name         ; spw_ulight_nofifo                     ;
; Top-level Entity Name ; spw_ulight_con                        ;
; Family                ; Cyclone V                             ;
; Device                ; 5CSEMA4U23C6                          ;
+-----------------------+---------------------------------------+


+----------------------------------+
; Assembler Settings               ;
+--------+---------+---------------+
; Option ; Setting ; Default Value ;
+--------+---------+---------------+


+---------------------------+
; Assembler Generated Files ;
+---------------------------+
; File Name                 ;
+---------------------------+
; spw_ulight_nofifo.sof     ;
+---------------------------+


+-------------------------------------------------+
; Assembler Device Options: spw_ulight_nofifo.sof ;
+----------------+--------------------------------+
; Option         ; Setting                        ;
+----------------+--------------------------------+
; Device         ; 5CSEMA4U23C6                   ;
; JTAG usercode  ; 0x00DDBE25                     ;
; Checksum       ; 0x00DDBE25                     ;
+----------------+--------------------------------+


+--------------------+
; Assembler Messages ;
+--------------------+
Info: *******************************************************************
Info: Running Quartus Prime Assembler
    Info: Version 16.1.2 Build 203 01/18/2017 SJ Lite Edition
    Info: Processing started: Tue May  9 20:56:52 2017
Info: Command: quartus_asm --read_settings_files=off --write_settings_files=off spw_ulight_nofifo -c spw_ulight_nofifo
Info (115030): Assembler is generating device programming files
Info (11878): Hard Processor Subsystem configuration has not changed and a Preloader software update is not required
Info: Quartus Prime Assembler was successful. 0 errors, 0 warnings
    Info: Peak virtual memory: 1051 megabytes
    Info: Processing ended: Tue May  9 20:57:14 2017
    Info: Elapsed time: 00:00:22
    Info: Total CPU time (on all processors): 00:00:12


