Flow report for spw_ulight_nofifo
Sun Apr 30 21:26:39 2017
Quartus Prime Version 16.1.2 Build 203 01/18/2017 SJ Lite Edition


---------------------
; Table of Contents ;
---------------------
  1. Legal Notice
  2. Flow Summary
  3. Flow Settings
  4. Flow Non-Default Global Settings
  5. Flow Elapsed Time
  6. Flow OS Summary
  7. Flow Log
  8. Flow Messages
  9. Flow Suppressed Messages



----------------
; Legal Notice ;
----------------
Copyright (C) 2017  Intel Corporation. All rights reserved.
Your use of Intel Corporation's design tools, logic functions 
and other software and tools, and its AMPP partner logic 
functions, and any output files from any of the foregoing 
(including device programming or simulation files), and any 
associated documentation or information are expressly subject 
to the terms and conditions of the Intel Program License 
Subscription Agreement, the Intel Quartus Prime License Agreement,
the Intel MegaCore Function License Agreement, or other 
applicable license agreement, including, without limitation, 
that your use is for the sole purpose of programming logic 
devices manufactured by Intel and sold by Intel or its 
authorized distributors.  Please refer to the applicable 
agreement for further details.



+-------------------------------------------------------------------------------+
; Flow Summary                                                                  ;
+---------------------------------+---------------------------------------------+
; Flow Status                     ; Successful - Sun Apr 30 21:26:39 2017       ;
; Quartus Prime Version           ; 16.1.2 Build 203 01/18/2017 SJ Lite Edition ;
; Revision Name                   ; spw_ulight_nofifo                           ;
; Top-level Entity Name           ; spw_ulight_con                              ;
; Family                          ; Cyclone V                                   ;
; Device                          ; 5CSEMA4U23C6                                ;
; Timing Models                   ; Final                                       ;
; Logic utilization (in ALMs)     ; 4,380 / 15,880 ( 28 % )                     ;
; Total registers                 ; 5628                                        ;
; Total pins                      ; 11 / 314 ( 4 % )                            ;
; Total virtual pins              ; 0                                           ;
; Total block memory bits         ; 0 / 2,764,800 ( 0 % )                       ;
; Total DSP Blocks                ; 0 / 84 ( 0 % )                              ;
; Total HSSI RX PCSs              ; 0                                           ;
; Total HSSI PMA RX Deserializers ; 0                                           ;
; Total HSSI TX PCSs              ; 0                                           ;
; Total HSSI PMA TX Serializers   ; 0                                           ;
; Total PLLs                      ; 1 / 5 ( 20 % )                              ;
; Total DLLs                      ; 0 / 4 ( 0 % )                               ;
+---------------------------------+---------------------------------------------+


+-----------------------------------------+
; Flow Settings                           ;
+-------------------+---------------------+
; Option            ; Setting             ;
+-------------------+---------------------+
; Start date & time ; 04/30/2017 21:06:55 ;
; Main task         ; Compilation         ;
; Revision Name     ; spw_ulight_nofifo   ;
+-------------------+---------------------+


+-----------------------------------------------------------------------------------------------------------------------------------------------------------------------------------------------------------------------+
; Flow Non-Default Global Settings                                                                                                                                                                                      ;
+-------------------------------------------------+---------------------------------------------------------------------------------+--------------------+---------------------------------------+----------------------+
; Assignment Name                                 ; Value                                                                           ; Default Value      ; Entity Name                           ; Section Id           ;
+-------------------------------------------------+---------------------------------------------------------------------------------+--------------------+---------------------------------------+----------------------+
; ALLOW_REGISTER_RETIMING                         ; Off                                                                             ; On                 ; --                                    ; --                   ;
; ALLOW_SHIFT_REGISTER_MERGING_ACROSS_HIERARCHIES ; Always                                                                          ; Auto               ; --                                    ; --                   ;
; COMPILER_SIGNATURE_ID                           ; 31032335263289.149359721203335                                                  ; --                 ; --                                    ; --                   ;
; EDA_DESIGN_ENTRY_SYNTHESIS_TOOL                 ; Precision Synthesis                                                             ; <None>             ; --                                    ; --                   ;
; EDA_INPUT_DATA_FORMAT                           ; Vqm                                                                             ; --                 ; --                                    ; eda_design_synthesis ;
; EDA_LMF_FILE                                    ; mentor.lmf                                                                      ; --                 ; --                                    ; eda_design_synthesis ;
; EDA_OUTPUT_DATA_FORMAT                          ; Verilog Hdl                                                                     ; --                 ; --                                    ; eda_simulation       ;
; EDA_RUN_TOOL_AUTOMATICALLY                      ; Off                                                                             ; --                 ; --                                    ; eda_design_synthesis ;
; EDA_SIMULATION_TOOL                             ; ModelSim-Altera (Verilog)                                                       ; <None>             ; --                                    ; --                   ;
; EDA_TIME_SCALE                                  ; 1 ps                                                                            ; --                 ; --                                    ; eda_simulation       ;
; ENABLE_LOGIC_ANALYZER_INTERFACE                 ; Off                                                                             ; --                 ; --                                    ; --                   ;
; HPS_ISW_FILE                                    ; spw_ulight_nofifo/synthesis/submodules/sequencer/sdram_io.pre.h                 ; --                 ; spw_ulight_nofifo_hps_0_hps_io_border ; --                   ;
; HPS_ISW_FILE                                    ; spw_ulight_nofifo/synthesis/submodules/sequencer/alt_types.pre.h                ; --                 ; spw_ulight_nofifo_hps_0_hps_io_border ; --                   ;
; HPS_ISW_FILE                                    ; spw_ulight_nofifo/synthesis/submodules/sequencer/system.pre.h                   ; --                 ; spw_ulight_nofifo_hps_0_hps_io_border ; --                   ;
; HPS_ISW_FILE                                    ; spw_ulight_nofifo/synthesis/submodules/sequencer/sequencer.pre.c                ; --                 ; spw_ulight_nofifo_hps_0_hps_io_border ; --                   ;
; HPS_ISW_FILE                                    ; spw_ulight_nofifo/synthesis/submodules/sequencer/sequencer.pre.h                ; --                 ; spw_ulight_nofifo_hps_0_hps_io_border ; --                   ;
; HPS_ISW_FILE                                    ; spw_ulight_nofifo/synthesis/submodules/sequencer/tclrpt.pre.c                   ; --                 ; spw_ulight_nofifo_hps_0_hps_io_border ; --                   ;
; HPS_ISW_FILE                                    ; spw_ulight_nofifo/synthesis/submodules/sequencer/tclrpt.pre.h                   ; --                 ; spw_ulight_nofifo_hps_0_hps_io_border ; --                   ;
; HPS_ISW_FILE                                    ; spw_ulight_nofifo/synthesis/submodules/sequencer/sequencer_defines.pre.h        ; --                 ; spw_ulight_nofifo_hps_0_hps_io_border ; --                   ;
; HPS_ISW_FILE                                    ; spw_ulight_nofifo/synthesis/submodules/sequencer/sequencer_auto_ac_init.pre.c   ; --                 ; spw_ulight_nofifo_hps_0_hps_io_border ; --                   ;
; HPS_ISW_FILE                                    ; spw_ulight_nofifo/synthesis/submodules/sequencer/sequencer_auto_inst_init.pre.c ; --                 ; spw_ulight_nofifo_hps_0_hps_io_border ; --                   ;
; HPS_ISW_FILE                                    ; spw_ulight_nofifo/synthesis/submodules/sequencer/sequencer_auto.pre.h           ; --                 ; spw_ulight_nofifo_hps_0_hps_io_border ; --                   ;
; HPS_ISW_FILE                                    ; spw_ulight_nofifo/synthesis/submodules/sequencer/emif.pre.xml                   ; --                 ; spw_ulight_nofifo_hps_0_hps_io_border ; --                   ;
; HPS_ISW_FILE                                    ; spw_ulight_nofifo/synthesis/submodules/hps.pre.xml                              ; --                 ; spw_ulight_nofifo_hps_0_hps_io_border ; --                   ;
; HPS_PARTITION                                   ; On                                                                              ; --                 ; spw_ulight_nofifo_hps_0_hps_io_border ; --                   ;
; MAX_CORE_JUNCTION_TEMP                          ; 85                                                                              ; --                 ; --                                    ; --                   ;
; MIN_CORE_JUNCTION_TEMP                          ; 0                                                                               ; --                 ; --                                    ; --                   ;
; MISC_FILE                                       ; spw_ulight_nofifo/synthesis/../spw_ulight_nofifo.cmp                            ; --                 ; --                                    ; --                   ;
; MISC_FILE                                       ; spw_ulight_nofifo/synthesis/spw_ulight_nofifo_hps_0_hps.svd                     ; --                 ; --                                    ; --                   ;
; MISC_FILE                                       ; spw_ulight_nofifo/synthesis/../../spw_ulight_nofifo.qsys                        ; --                 ; --                                    ; --                   ;
; MISC_FILE                                       ; spw_ulight_nofifo/synthesis/submodules/sequencer/sdram_io.pre.h                 ; --                 ; --                                    ; --                   ;
; MISC_FILE                                       ; spw_ulight_nofifo/synthesis/submodules/sequencer/alt_types.pre.h                ; --                 ; --                                    ; --                   ;
; MISC_FILE                                       ; spw_ulight_nofifo/synthesis/submodules/sequencer/system.pre.h                   ; --                 ; --                                    ; --                   ;
; MISC_FILE                                       ; spw_ulight_nofifo/synthesis/submodules/sequencer/sequencer.pre.c                ; --                 ; --                                    ; --                   ;
; MISC_FILE                                       ; spw_ulight_nofifo/synthesis/submodules/sequencer/sequencer.pre.h                ; --                 ; --                                    ; --                   ;
; MISC_FILE                                       ; spw_ulight_nofifo/synthesis/submodules/sequencer/tclrpt.pre.c                   ; --                 ; --                                    ; --                   ;
; MISC_FILE                                       ; spw_ulight_nofifo/synthesis/submodules/sequencer/tclrpt.pre.h                   ; --                 ; --                                    ; --                   ;
; MISC_FILE                                       ; spw_ulight_nofifo/synthesis/submodules/sequencer/sequencer_defines.pre.h        ; --                 ; --                                    ; --                   ;
; MISC_FILE                                       ; spw_ulight_nofifo/synthesis/submodules/sequencer/sequencer_auto_ac_init.pre.c   ; --                 ; --                                    ; --                   ;
; MISC_FILE                                       ; spw_ulight_nofifo/synthesis/submodules/sequencer/sequencer_auto_inst_init.pre.c ; --                 ; --                                    ; --                   ;
; MISC_FILE                                       ; spw_ulight_nofifo/synthesis/submodules/sequencer/sequencer_auto.pre.h           ; --                 ; --                                    ; --                   ;
; MISC_FILE                                       ; spw_ulight_nofifo/synthesis/submodules/sequencer/emif.pre.xml                   ; --                 ; --                                    ; --                   ;
; MISC_FILE                                       ; spw_ulight_nofifo/synthesis/submodules/hps.pre.xml                              ; --                 ; --                                    ; --                   ;
; NUM_PARALLEL_PROCESSORS                         ; All                                                                             ; --                 ; --                                    ; --                   ;
; OPTIMIZE_POWER_DURING_SYNTHESIS                 ; Extra effort                                                                    ; Normal compilation ; --                                    ; --                   ;
; PARTITION_COLOR                                 ; -- (Not supported for targeted family)                                          ; --                 ; spw_ulight_con                        ; Top                  ;
; PARTITION_FITTER_PRESERVATION_LEVEL             ; -- (Not supported for targeted family)                                          ; --                 ; spw_ulight_con                        ; Top                  ;
; PARTITION_NETLIST_TYPE                          ; -- (Not supported for targeted family)                                          ; --                 ; spw_ulight_con                        ; Top                  ;
; PLACEMENT_EFFORT_MULTIPLIER                     ; 8.0                                                                             ; 1.0                ; --                                    ; --                   ;
; POWER_BOARD_THERMAL_MODEL                       ; None (CONSERVATIVE)                                                             ; --                 ; --                                    ; --                   ;
; POWER_PRESET_COOLING_SOLUTION                   ; 23 MM HEAT SINK WITH 200 LFPM AIRFLOW                                           ; --                 ; --                                    ; --                   ;
; PROJECT_OUTPUT_DIRECTORY                        ; output_files                                                                    ; --                 ; --                                    ; --                   ;
; SLD_FILE                                        ; spw_ulight_nofifo/synthesis/spw_ulight_nofifo.regmap                            ; --                 ; --                                    ; --                   ;
; SLD_FILE                                        ; spw_ulight_nofifo/synthesis/spw_ulight_nofifo.debuginfo                         ; --                 ; --                                    ; --                   ;
; SLD_INFO                                        ; QSYS_NAME spw_ulight_nofifo HAS_SOPCINFO 1 GENERATION_ID 1493091266             ; --                 ; --                                    ; --                   ;
; SOPCINFO_FILE                                   ; spw_ulight_nofifo/synthesis/../../spw_ulight_nofifo.sopcinfo                    ; --                 ; --                                    ; --                   ;
; STATE_MACHINE_PROCESSING                        ; One-Hot                                                                         ; Auto               ; --                                    ; --                   ;
; SYNTHESIS_ONLY_QIP                              ; On                                                                              ; --                 ; --                                    ; --                   ;
; TOP_LEVEL_ENTITY                                ; spw_ulight_con                                                                  ; spw_ulight_nofifo  ; --                                    ; --                   ;
; VERILOG_SHOW_LMF_MAPPING_MESSAGES               ; Off                                                                             ; --                 ; --                                    ; --                   ;
+-------------------------------------------------+---------------------------------------------------------------------------------+--------------------+---------------------------------------+----------------------+


+-------------------------------------------------------------------------------------------------------------------------------+
; Flow Elapsed Time                                                                                                             ;
+---------------------------+--------------+-------------------------+---------------------+------------------------------------+
; Module Name               ; Elapsed Time ; Average Processors Used ; Peak Virtual Memory ; Total CPU Time (on all processors) ;
+---------------------------+--------------+-------------------------+---------------------+------------------------------------+
; Analysis & Synthesis      ; 00:01:20     ; 1.3                     ; 1410 MB             ; 00:02:01                           ;
; Fitter                    ; 00:11:39     ; 1.0                     ; 2068 MB             ; 00:15:10                           ;
; Assembler                 ; 00:00:20     ; 1.0                     ; 1048 MB             ; 00:00:11                           ;
; TimeQuest Timing Analyzer ; 00:00:53     ; 1.3                     ; 1357 MB             ; 00:01:08                           ;
; EDA Netlist Writer        ; 00:00:08     ; 1.0                     ; 1346 MB             ; 00:00:08                           ;
; Total                     ; 00:14:20     ; --                      ; --                  ; 00:18:38                           ;
+---------------------------+--------------+-------------------------+---------------------+------------------------------------+


+-----------------------------------------------------------------------------------------+
; Flow OS Summary                                                                         ;
+---------------------------+------------------+------------+------------+----------------+
; Module Name               ; Machine Hostname ; OS Name    ; OS Version ; Processor type ;
+---------------------------+------------------+------------+------------+----------------+
; Analysis & Synthesis      ; linux-zz3p       ; SUSE LINUX ; 42         ; x86_64         ;
; Fitter                    ; linux-zz3p       ; SUSE LINUX ; 42         ; x86_64         ;
; Assembler                 ; linux-zz3p       ; SUSE LINUX ; 42         ; x86_64         ;
; TimeQuest Timing Analyzer ; linux-zz3p       ; SUSE LINUX ; 42         ; x86_64         ;
; EDA Netlist Writer        ; linux-zz3p       ; SUSE LINUX ; 42         ; x86_64         ;
+---------------------------+------------------+------------+------------+----------------+


------------
; Flow Log ;
------------
quartus_map --read_settings_files=on --write_settings_files=off spw_ulight_nofifo -c spw_ulight_nofifo
quartus_fit --read_settings_files=off --write_settings_files=off spw_ulight_nofifo -c spw_ulight_nofifo
quartus_asm --read_settings_files=off --write_settings_files=off spw_ulight_nofifo -c spw_ulight_nofifo
quartus_sta spw_ulight_nofifo -c spw_ulight_nofifo
quartus_eda --read_settings_files=off --write_settings_files=off spw_ulight_nofifo -c spw_ulight_nofifo



